<?xml version="1.0" encoding="UTF-8"?>
<!-- Generated by org.testng.reporters.JUnitReportReporter -->
<testsuite hostname="NIT-WKS-353" name="SeleniumCI.DemoTest" tests="1" failures="0" timestamp="8 Dec 2014 15:23:31 GMT" time="40.956" errors="0">
  <testcase name="Democlass" time="40.956" classname="SeleniumCI.DemoTest"/>
</testsuite> <!-- SeleniumCI.DemoTest -->
