<?xml version="1.0" encoding="UTF-8"?>
<!-- Generated by org.testng.reporters.JUnitReportReporter -->
<testsuite hostname="NIT-WKS-353" name="SeleniumCI.DemoTest" tests="1" failures="0" timestamp="8 Dec 2014 10:28:20 GMT" time="67.934" errors="0">
  <testcase name="Democlass" time="67.934" classname="SeleniumCI.DemoTest"/>
</testsuite> <!-- SeleniumCI.DemoTest -->
